{"total": {"lines":{"total":8648,"covered":5431,"skipped":0,"pct":62.8},"statements":{"total":8648,"covered":5431,"skipped":0,"pct":62.8},"functions":{"total":485,"covered":377,"skipped":0,"pct":77.73},"branches":{"total":1430,"covered":1183,"skipped":0,"pct":82.72},"branchesTrue":{"total":0,"covered":0,"skipped":0,"pct":100}}
,"/home/runner/work/syncer/syncer/src/adaptors/azure-devops.ts": {"lines":{"total":14,"covered":14,"skipped":0,"pct":100},"functions":{"total":2,"covered":2,"skipped":0,"pct":100},"statements":{"total":14,"covered":14,"skipped":0,"pct":100},"branches":{"total":5,"covered":5,"skipped":0,"pct":100}}
,"/home/runner/work/syncer/syncer/src/adaptors/firefox-bookmarks.ts": {"lines":{"total":11,"covered":11,"skipped":0,"pct":100},"functions":{"total":1,"covered":1,"skipped":0,"pct":100},"statements":{"total":11,"covered":11,"skipped":0,"pct":100},"branches":{"total":2,"covered":2,"skipped":0,"pct":100}}
,"/home/runner/work/syncer/syncer/src/adaptors/gmail-starred.ts": {"lines":{"total":57,"covered":57,"skipped":0,"pct":100},"functions":{"total":6,"covered":6,"skipped":0,"pct":100},"statements":{"total":57,"covered":57,"skipped":0,"pct":100},"branches":{"total":26,"covered":23,"skipped":0,"pct":88.46}}
,"/home/runner/work/syncer/syncer/src/adaptors/google-tasks.ts": {"lines":{"total":10,"covered":10,"skipped":0,"pct":100},"functions":{"total":1,"covered":1,"skipped":0,"pct":100},"statements":{"total":10,"covered":10,"skipped":0,"pct":100},"branches":{"total":2,"covered":2,"skipped":0,"pct":100}}
,"/home/runner/work/syncer/syncer/src/adaptors/index.ts": {"lines":{"total":1,"covered":1,"skipped":0,"pct":100},"functions":{"total":0,"covered":0,"skipped":0,"pct":100},"statements":{"total":1,"covered":1,"skipped":0,"pct":100},"branches":{"total":0,"covered":0,"skipped":0,"pct":100}}
,"/home/runner/work/syncer/syncer/src/adaptors/microsoft-outlook.ts": {"lines":{"total":27,"covered":27,"skipped":0,"pct":100},"functions":{"total":5,"covered":5,"skipped":0,"pct":100},"statements":{"total":27,"covered":27,"skipped":0,"pct":100},"branches":{"total":16,"covered":15,"skipped":0,"pct":93.75}}
,"/home/runner/work/syncer/syncer/src/adaptors/microsoft-todo.ts": {"lines":{"total":37,"covered":37,"skipped":0,"pct":100},"functions":{"total":4,"covered":4,"skipped":0,"pct":100},"statements":{"total":37,"covered":37,"skipped":0,"pct":100},"branches":{"total":12,"covered":12,"skipped":0,"pct":100}}
,"/home/runner/work/syncer/syncer/src/adaptors/todoist.ts": {"lines":{"total":13,"covered":13,"skipped":0,"pct":100},"functions":{"total":2,"covered":2,"skipped":0,"pct":100},"statements":{"total":13,"covered":13,"skipped":0,"pct":100},"branches":{"total":3,"covered":3,"skipped":0,"pct":100}}
,"/home/runner/work/syncer/syncer/src/auth/google.ts": {"lines":{"total":258,"covered":230,"skipped":0,"pct":89.14},"functions":{"total":15,"covered":14,"skipped":0,"pct":93.33},"statements":{"total":258,"covered":230,"skipped":0,"pct":89.14},"branches":{"total":60,"covered":53,"skipped":0,"pct":88.33}}
,"/home/runner/work/syncer/syncer/src/auth/index.ts": {"lines":{"total":4,"covered":4,"skipped":0,"pct":100},"functions":{"total":0,"covered":0,"skipped":0,"pct":100},"statements":{"total":4,"covered":4,"skipped":0,"pct":100},"branches":{"total":0,"covered":0,"skipped":0,"pct":100}}
,"/home/runner/work/syncer/syncer/src/auth/microsoft.ts": {"lines":{"total":361,"covered":325,"skipped":0,"pct":90.02},"functions":{"total":20,"covered":20,"skipped":0,"pct":100},"statements":{"total":361,"covered":325,"skipped":0,"pct":90.02},"branches":{"total":87,"covered":71,"skipped":0,"pct":81.6}}
,"/home/runner/work/syncer/syncer/src/auth/schemas.ts": {"lines":{"total":58,"covered":58,"skipped":0,"pct":100},"functions":{"total":0,"covered":0,"skipped":0,"pct":100},"statements":{"total":58,"covered":58,"skipped":0,"pct":100},"branches":{"total":0,"covered":0,"skipped":0,"pct":100}}
,"/home/runner/work/syncer/syncer/src/auth/todoist.ts": {"lines":{"total":341,"covered":27,"skipped":0,"pct":7.91},"functions":{"total":14,"covered":0,"skipped":0,"pct":0},"statements":{"total":341,"covered":27,"skipped":0,"pct":7.91},"branches":{"total":0,"covered":0,"skipped":0,"pct":100}}
,"/home/runner/work/syncer/syncer/src/jobs/azure-devops.ts": {"lines":{"total":104,"covered":81,"skipped":0,"pct":77.88},"functions":{"total":5,"covered":4,"skipped":0,"pct":80},"statements":{"total":104,"covered":81,"skipped":0,"pct":77.88},"branches":{"total":21,"covered":17,"skipped":0,"pct":80.95}}
,"/home/runner/work/syncer/syncer/src/jobs/firefox-bookmarks.ts": {"lines":{"total":111,"covered":85,"skipped":0,"pct":76.57},"functions":{"total":5,"covered":4,"skipped":0,"pct":80},"statements":{"total":111,"covered":85,"skipped":0,"pct":76.57},"branches":{"total":23,"covered":17,"skipped":0,"pct":73.91}}
,"/home/runner/work/syncer/syncer/src/jobs/gmail-starred.ts": {"lines":{"total":402,"covered":331,"skipped":0,"pct":82.33},"functions":{"total":22,"covered":20,"skipped":0,"pct":90.9},"statements":{"total":402,"covered":331,"skipped":0,"pct":82.33},"branches":{"total":70,"covered":49,"skipped":0,"pct":70}}
,"/home/runner/work/syncer/syncer/src/jobs/google-tasks.ts": {"lines":{"total":344,"covered":318,"skipped":0,"pct":92.44},"functions":{"total":16,"covered":16,"skipped":0,"pct":100},"statements":{"total":344,"covered":318,"skipped":0,"pct":92.44},"branches":{"total":82,"covered":69,"skipped":0,"pct":84.14}}
,"/home/runner/work/syncer/syncer/src/jobs/index.ts": {"lines":{"total":1,"covered":0,"skipped":0,"pct":0},"functions":{"total":1,"covered":0,"skipped":0,"pct":0},"statements":{"total":1,"covered":0,"skipped":0,"pct":0},"branches":{"total":1,"covered":0,"skipped":0,"pct":0}}
,"/home/runner/work/syncer/syncer/src/jobs/microsoft-outlook.ts": {"lines":{"total":377,"covered":338,"skipped":0,"pct":89.65},"functions":{"total":20,"covered":20,"skipped":0,"pct":100},"statements":{"total":377,"covered":338,"skipped":0,"pct":89.65},"branches":{"total":94,"covered":81,"skipped":0,"pct":86.17}}
,"/home/runner/work/syncer/syncer/src/jobs/microsoft-todo.ts": {"lines":{"total":472,"covered":355,"skipped":0,"pct":75.21},"functions":{"total":23,"covered":20,"skipped":0,"pct":86.95},"statements":{"total":472,"covered":355,"skipped":0,"pct":75.21},"branches":{"total":89,"covered":66,"skipped":0,"pct":74.15}}
,"/home/runner/work/syncer/syncer/src/jobs/todoist.ts": {"lines":{"total":400,"covered":323,"skipped":0,"pct":80.75},"functions":{"total":21,"covered":19,"skipped":0,"pct":90.47},"statements":{"total":400,"covered":323,"skipped":0,"pct":80.75},"branches":{"total":87,"covered":64,"skipped":0,"pct":73.56}}
,"/home/runner/work/syncer/syncer/src/plugin/index.ts": {"lines":{"total":393,"covered":348,"skipped":0,"pct":88.54},"functions":{"total":20,"covered":18,"skipped":0,"pct":90},"statements":{"total":393,"covered":348,"skipped":0,"pct":88.54},"branches":{"total":73,"covered":58,"skipped":0,"pct":79.45}}
,"/home/runner/work/syncer/syncer/src/plugin/open-sync-document.ts": {"lines":{"total":46,"covered":44,"skipped":0,"pct":95.65},"functions":{"total":4,"covered":4,"skipped":0,"pct":100},"statements":{"total":46,"covered":44,"skipped":0,"pct":95.65},"branches":{"total":15,"covered":14,"skipped":0,"pct":93.33}}
,"/home/runner/work/syncer/syncer/src/plugin/plugin-directory.ts": {"lines":{"total":26,"covered":26,"skipped":0,"pct":100},"functions":{"total":4,"covered":4,"skipped":0,"pct":100},"statements":{"total":26,"covered":26,"skipped":0,"pct":100},"branches":{"total":15,"covered":14,"skipped":0,"pct":93.33}}
,"/home/runner/work/syncer/syncer/src/plugin/save-sync-document.ts": {"lines":{"total":40,"covered":34,"skipped":0,"pct":85},"functions":{"total":3,"covered":3,"skipped":0,"pct":100},"statements":{"total":40,"covered":34,"skipped":0,"pct":85},"branches":{"total":9,"covered":6,"skipped":0,"pct":66.66}}
,"/home/runner/work/syncer/syncer/src/plugin/schemas.ts": {"lines":{"total":180,"covered":180,"skipped":0,"pct":100},"functions":{"total":4,"covered":4,"skipped":0,"pct":100},"statements":{"total":180,"covered":180,"skipped":0,"pct":100},"branches":{"total":6,"covered":6,"skipped":0,"pct":100}}
,"/home/runner/work/syncer/syncer/src/plugin/settings-tab.ts": {"lines":{"total":1464,"covered":61,"skipped":0,"pct":4.16},"functions":{"total":39,"covered":2,"skipped":0,"pct":5.12},"statements":{"total":1464,"covered":61,"skipped":0,"pct":4.16},"branches":{"total":2,"covered":2,"skipped":0,"pct":100}}
,"/home/runner/work/syncer/syncer/src/plugin/modals/authorization-expired-modal.ts": {"lines":{"total":30,"covered":6,"skipped":0,"pct":20},"functions":{"total":3,"covered":0,"skipped":0,"pct":0},"statements":{"total":30,"covered":6,"skipped":0,"pct":20},"branches":{"total":0,"covered":0,"skipped":0,"pct":100}}
,"/home/runner/work/syncer/syncer/src/plugin/modals/delete-confirmation-modal.ts": {"lines":{"total":45,"covered":7,"skipped":0,"pct":15.55},"functions":{"total":4,"covered":0,"skipped":0,"pct":0},"statements":{"total":45,"covered":7,"skipped":0,"pct":15.55},"branches":{"total":0,"covered":0,"skipped":0,"pct":100}}
,"/home/runner/work/syncer/syncer/src/services/azure-devops.ts": {"lines":{"total":203,"covered":197,"skipped":0,"pct":97.04},"functions":{"total":15,"covered":15,"skipped":0,"pct":100},"statements":{"total":203,"covered":197,"skipped":0,"pct":97.04},"branches":{"total":46,"covered":39,"skipped":0,"pct":84.78}}
,"/home/runner/work/syncer/syncer/src/services/firefox-bookmarks.ts": {"lines":{"total":635,"covered":61,"skipped":0,"pct":9.6},"functions":{"total":18,"covered":4,"skipped":0,"pct":22.22},"statements":{"total":635,"covered":61,"skipped":0,"pct":9.6},"branches":{"total":6,"covered":6,"skipped":0,"pct":100}}
,"/home/runner/work/syncer/syncer/src/services/firefox-debug.ts": {"lines":{"total":28,"covered":4,"skipped":0,"pct":14.28},"functions":{"total":3,"covered":0,"skipped":0,"pct":0},"statements":{"total":28,"covered":4,"skipped":0,"pct":14.28},"branches":{"total":0,"covered":0,"skipped":0,"pct":100}}
,"/home/runner/work/syncer/syncer/src/services/firefox-messages.ts": {"lines":{"total":14,"covered":12,"skipped":0,"pct":85.71},"functions":{"total":2,"covered":0,"skipped":0,"pct":0},"statements":{"total":14,"covered":12,"skipped":0,"pct":85.71},"branches":{"total":0,"covered":0,"skipped":0,"pct":100}}
,"/home/runner/work/syncer/syncer/src/services/firefox-profiles.ts": {"lines":{"total":203,"covered":191,"skipped":0,"pct":94.08},"functions":{"total":13,"covered":13,"skipped":0,"pct":100},"statements":{"total":203,"covered":191,"skipped":0,"pct":94.08},"branches":{"total":69,"covered":58,"skipped":0,"pct":84.05}}
,"/home/runner/work/syncer/syncer/src/services/gmail-starred.ts": {"lines":{"total":194,"covered":192,"skipped":0,"pct":98.96},"functions":{"total":16,"covered":16,"skipped":0,"pct":100},"statements":{"total":194,"covered":192,"skipped":0,"pct":98.96},"branches":{"total":51,"covered":48,"skipped":0,"pct":94.11}}
,"/home/runner/work/syncer/syncer/src/services/google-tasks.ts": {"lines":{"total":97,"covered":79,"skipped":0,"pct":81.44},"functions":{"total":6,"covered":4,"skipped":0,"pct":66.66},"statements":{"total":97,"covered":79,"skipped":0,"pct":81.44},"branches":{"total":11,"covered":11,"skipped":0,"pct":100}}
,"/home/runner/work/syncer/syncer/src/services/index.ts": {"lines":{"total":1,"covered":1,"skipped":0,"pct":100},"functions":{"total":0,"covered":0,"skipped":0,"pct":100},"statements":{"total":1,"covered":1,"skipped":0,"pct":100},"branches":{"total":0,"covered":0,"skipped":0,"pct":100}}
,"/home/runner/work/syncer/syncer/src/services/microsoft-graph-errors.ts": {"lines":{"total":55,"covered":47,"skipped":0,"pct":85.45},"functions":{"total":5,"covered":5,"skipped":0,"pct":100},"statements":{"total":55,"covered":47,"skipped":0,"pct":85.45},"branches":{"total":30,"covered":24,"skipped":0,"pct":80}}
,"/home/runner/work/syncer/syncer/src/services/microsoft-todo.ts": {"lines":{"total":137,"covered":135,"skipped":0,"pct":98.54},"functions":{"total":13,"covered":13,"skipped":0,"pct":100},"statements":{"total":137,"covered":135,"skipped":0,"pct":98.54},"branches":{"total":37,"covered":36,"skipped":0,"pct":97.29}}
,"/home/runner/work/syncer/syncer/src/services/outlook-mail.ts": {"lines":{"total":102,"covered":102,"skipped":0,"pct":100},"functions":{"total":9,"covered":9,"skipped":0,"pct":100},"statements":{"total":102,"covered":102,"skipped":0,"pct":100},"branches":{"total":18,"covered":18,"skipped":0,"pct":100}}
,"/home/runner/work/syncer/syncer/src/services/schemas.ts": {"lines":{"total":83,"covered":83,"skipped":0,"pct":100},"functions":{"total":1,"covered":1,"skipped":0,"pct":100},"statements":{"total":83,"covered":83,"skipped":0,"pct":100},"branches":{"total":12,"covered":11,"skipped":0,"pct":91.66}}
,"/home/runner/work/syncer/syncer/src/services/sql-js-loader.ts": {"lines":{"total":23,"covered":23,"skipped":0,"pct":100},"functions":{"total":3,"covered":3,"skipped":0,"pct":100},"statements":{"total":23,"covered":23,"skipped":0,"pct":100},"branches":{"total":3,"covered":3,"skipped":0,"pct":100}}
,"/home/runner/work/syncer/syncer/src/services/todoist-errors.ts": {"lines":{"total":17,"covered":17,"skipped":0,"pct":100},"functions":{"total":4,"covered":4,"skipped":0,"pct":100},"statements":{"total":17,"covered":17,"skipped":0,"pct":100},"branches":{"total":5,"covered":5,"skipped":0,"pct":100}}
,"/home/runner/work/syncer/syncer/src/services/todoist.ts": {"lines":{"total":227,"covered":176,"skipped":0,"pct":77.53},"functions":{"total":18,"covered":15,"skipped":0,"pct":83.33},"statements":{"total":227,"covered":176,"skipped":0,"pct":77.53},"branches":{"total":58,"covered":44,"skipped":0,"pct":75.86}}
,"/home/runner/work/syncer/syncer/src/sync/actions.ts": {"lines":{"total":67,"covered":61,"skipped":0,"pct":91.04},"functions":{"total":10,"covered":9,"skipped":0,"pct":90},"statements":{"total":67,"covered":61,"skipped":0,"pct":91.04},"branches":{"total":28,"covered":27,"skipped":0,"pct":96.42}}
,"/home/runner/work/syncer/syncer/src/sync/prepare-sync-document.ts": {"lines":{"total":154,"covered":127,"skipped":0,"pct":82.46},"functions":{"total":10,"covered":9,"skipped":0,"pct":90},"statements":{"total":154,"covered":127,"skipped":0,"pct":82.46},"branches":{"total":37,"covered":25,"skipped":0,"pct":67.56}}
,"/home/runner/work/syncer/syncer/src/sync/reader.ts": {"lines":{"total":51,"covered":51,"skipped":0,"pct":100},"functions":{"total":5,"covered":5,"skipped":0,"pct":100},"statements":{"total":51,"covered":51,"skipped":0,"pct":100},"branches":{"total":20,"covered":20,"skipped":0,"pct":100}}
,"/home/runner/work/syncer/syncer/src/sync/scheduler.ts": {"lines":{"total":58,"covered":56,"skipped":0,"pct":96.55},"functions":{"total":5,"covered":5,"skipped":0,"pct":100},"statements":{"total":58,"covered":56,"skipped":0,"pct":96.55},"branches":{"total":21,"covered":20,"skipped":0,"pct":95.23}}
,"/home/runner/work/syncer/syncer/src/sync/schemas.ts": {"lines":{"total":9,"covered":9,"skipped":0,"pct":100},"functions":{"total":0,"covered":0,"skipped":0,"pct":100},"statements":{"total":9,"covered":9,"skipped":0,"pct":100},"branches":{"total":0,"covered":0,"skipped":0,"pct":100}}
,"/home/runner/work/syncer/syncer/src/sync/sync-guard.ts": {"lines":{"total":14,"covered":14,"skipped":0,"pct":100},"functions":{"total":3,"covered":3,"skipped":0,"pct":100},"statements":{"total":14,"covered":14,"skipped":0,"pct":100},"branches":{"total":3,"covered":3,"skipped":0,"pct":100}}
,"/home/runner/work/syncer/syncer/src/sync/writer.ts": {"lines":{"total":177,"covered":174,"skipped":0,"pct":98.3},"functions":{"total":18,"covered":18,"skipped":0,"pct":100},"statements":{"total":177,"covered":174,"skipped":0,"pct":98.3},"branches":{"total":70,"covered":60,"skipped":0,"pct":85.71}}
,"/home/runner/work/syncer/syncer/src/utils/browser-runtime.ts": {"lines":{"total":79,"covered":60,"skipped":0,"pct":75.94},"functions":{"total":10,"covered":10,"skipped":0,"pct":100},"statements":{"total":79,"covered":60,"skipped":0,"pct":75.94},"branches":{"total":28,"covered":13,"skipped":0,"pct":46.42}}
,"/home/runner/work/syncer/syncer/src/utils/desktop-fs.ts": {"lines":{"total":11,"covered":1,"skipped":0,"pct":9.09},"functions":{"total":1,"covered":0,"skipped":0,"pct":0},"statements":{"total":11,"covered":1,"skipped":0,"pct":9.09},"branches":{"total":0,"covered":0,"skipped":0,"pct":100}}
,"/home/runner/work/syncer/syncer/src/utils/error-formatters.ts": {"lines":{"total":34,"covered":32,"skipped":0,"pct":94.11},"functions":{"total":4,"covered":4,"skipped":0,"pct":100},"statements":{"total":34,"covered":32,"skipped":0,"pct":94.11},"branches":{"total":22,"covered":19,"skipped":0,"pct":86.36}}
,"/home/runner/work/syncer/syncer/src/utils/firefox-fs-guard.ts": {"lines":{"total":156,"covered":117,"skipped":0,"pct":75},"functions":{"total":17,"covered":14,"skipped":0,"pct":82.35},"statements":{"total":156,"covered":117,"skipped":0,"pct":75},"branches":{"total":43,"covered":33,"skipped":0,"pct":76.74}}
,"/home/runner/work/syncer/syncer/src/utils/heading-formatters.ts": {"lines":{"total":5,"covered":5,"skipped":0,"pct":100},"functions":{"total":1,"covered":1,"skipped":0,"pct":100},"statements":{"total":5,"covered":5,"skipped":0,"pct":100},"branches":{"total":4,"covered":4,"skipped":0,"pct":100}}
,"/home/runner/work/syncer/syncer/src/utils/popper.ts": {"lines":{"total":26,"covered":23,"skipped":0,"pct":88.46},"functions":{"total":3,"covered":3,"skipped":0,"pct":100},"statements":{"total":26,"covered":23,"skipped":0,"pct":88.46},"branches":{"total":4,"covered":3,"skipped":0,"pct":75}}
,"/home/runner/work/syncer/syncer/src/utils/string-formatters.ts": {"lines":{"total":2,"covered":2,"skipped":0,"pct":100},"functions":{"total":1,"covered":1,"skipped":0,"pct":100},"statements":{"total":2,"covered":2,"skipped":0,"pct":100},"branches":{"total":4,"covered":4,"skipped":0,"pct":100}}
,"/home/runner/work/syncer/syncer/src/utils/trusted-binary.ts": {"lines":{"total":159,"covered":28,"skipped":0,"pct":17.61},"functions":{"total":7,"covered":0,"skipped":0,"pct":0},"statements":{"total":159,"covered":28,"skipped":0,"pct":17.61},"branches":{"total":0,"covered":0,"skipped":0,"pct":100}}
}
